2025-06-15 09:48:02,649 - INFO - 开始批量构建向量数据库（优化版）...
2025-06-15 09:48:02,649 - INFO - 优化设置: 最大文档数=2000, 批大小=100
2025-06-15 09:48:02,649 - INFO - 找到Git增强文件: keras (23.2MB)
2025-06-15 09:48:02,649 - INFO - 找到Git增强文件: libgdx (111.1MB)
2025-06-15 09:48:02,649 - INFO - 找到Git增强文件: gson (4.8MB)
2025-06-15 09:48:02,650 - INFO - 找到Git增强文件: spring-cloud-alibaba (0.9MB)
2025-06-15 09:48:02,650 - WARNING - 跳过仓库 Alma: 未找到Git增强版文件
2025-06-15 09:48:02,650 - INFO - 找到Git增强文件: leakcanary (0.7MB)
2025-06-15 09:48:02,650 - INFO - 找到Git增强文件: python (7.2MB)
2025-06-15 09:48:02,650 - INFO - 找到Git增强文件: apktool (1.6MB)
2025-06-15 09:48:02,650 - INFO - 找到Git增强文件: colossalai (20.3MB)
2025-06-15 09:48:02,650 - INFO - 找到Git增强文件: shardingsphere (21.4MB)
2025-06-15 09:48:02,651 - INFO - 找到Git增强文件: dbeaver (58.4MB)
2025-06-15 09:48:02,651 - INFO - 找到Git增强文件: compose (2.1MB)
2025-06-15 09:48:02,651 - INFO - 找到Git增强文件: mitmproxy (16.1MB)
2025-06-15 09:48:02,651 - WARNING - 跳过仓库 ccxt: 未找到Git增强版文件
2025-06-15 09:48:02,651 - INFO - 找到Git增强文件: rich (8.1MB)
2025-06-15 09:48:02,651 - WARNING - 跳过仓库 deepspeed: 未找到Git增强版文件
2025-06-15 09:48:02,651 - INFO - 找到Git增强文件: okhttp (4.3MB)
2025-06-15 09:48:02,651 - INFO - 找到Git增强文件: serverless (6.9MB)
2025-06-15 09:48:02,651 - INFO - 总共找到 15 个Git增强版文件
2025-06-15 09:48:02,652 - INFO - 预计处理 287.1MB 数据
2025-06-15 09:48:02,652 - INFO - 进度: 1/15 - 处理仓库 leakcanary
2025-06-15 09:48:02,652 - INFO - 开始处理仓库: leakcanary (0.7MB)
2025-06-15 09:48:02,725 - INFO - 仓库 leakcanary: 解析出 93 个代码块 (耗时 0.1s)
2025-06-15 09:48:02,756 - INFO - 仓库 leakcanary: 原始文档数 - 基础版:201, 增强版:297, 压缩版:93
2025-06-15 09:48:02,756 - INFO - leakcanary_basic: 长度过滤 201 -> 197 个文档
2025-06-15 09:48:02,758 - INFO - leakcanary_enhanced: 长度过滤 297 -> 293 个文档
2025-06-15 09:48:02,761 - INFO - leakcanary_compressed: 长度过滤 93 -> 93 个文档
2025-06-15 09:48:09,727 - INFO - PyTorch version 2.7.1 available.
2025-06-15 09:48:10,023 - INFO - Load pretrained SentenceTransformer: sentence-transformers/all-MiniLM-L6-v2
2025-06-15 09:48:10,592 - INFO - leakcanary_basic: 开始批量索引 197 个文档，批大小: 100
2025-06-15 09:48:10,592 - INFO - leakcanary_basic: 处理批次 1/2 (100 个文档)
2025-06-15 09:48:11,017 - INFO - Anonymized telemetry enabled. See                     https://docs.trychroma.com/telemetry for more information.
2025-06-15 09:48:14,034 - INFO - leakcanary_basic: 处理批次 2/2 (97 个文档)
2025-06-15 09:48:16,668 - INFO - 仓库 leakcanary basic版本: 已索引 197 个文档 (耗时 6.1s)
2025-06-15 09:48:16,669 - INFO - Load pretrained SentenceTransformer: sentence-transformers/all-MiniLM-L6-v2
2025-06-15 09:48:16,715 - INFO - leakcanary_enhanced: 开始批量索引 293 个文档，批大小: 100
2025-06-15 09:48:16,715 - INFO - leakcanary_enhanced: 处理批次 1/3 (100 个文档)
2025-06-15 09:48:16,716 - INFO - Anonymized telemetry enabled. See                     https://docs.trychroma.com/telemetry for more information.
2025-06-15 09:48:19,552 - INFO - leakcanary_enhanced: 处理批次 2/3 (100 个文档)
2025-06-15 09:48:22,275 - INFO - leakcanary_enhanced: 处理批次 3/3 (93 个文档)
2025-06-15 09:48:24,949 - INFO - 仓库 leakcanary enhanced版本: 已索引 293 个文档 (耗时 8.2s)
2025-06-15 09:48:24,950 - INFO - Load pretrained SentenceTransformer: sentence-transformers/all-MiniLM-L6-v2
2025-06-15 09:48:24,989 - INFO - leakcanary_compressed: 开始批量索引 93 个文档，批大小: 100
2025-06-15 09:48:24,990 - INFO - leakcanary_compressed: 处理批次 1/1 (93 个文档)
2025-06-15 09:48:24,990 - INFO - Anonymized telemetry enabled. See                     https://docs.trychroma.com/telemetry for more information.
2025-06-15 09:48:26,991 - INFO - 仓库 leakcanary compressed版本: 已索引 93 个文档 (耗时 2.0s)
2025-06-15 09:48:26,992 - INFO - ✅ 仓库 leakcanary 处理完成 (总耗时 24.3s)
2025-06-15 09:48:26,992 - INFO - 平均处理时间: 24.3s/仓库, 预计剩余时间: 5.7分钟
2025-06-15 09:48:26,992 - INFO - 进度: 2/15 - 处理仓库 spring-cloud-alibaba
2025-06-15 09:48:26,992 - INFO - 开始处理仓库: spring-cloud-alibaba (0.9MB)
2025-06-15 09:48:27,069 - INFO - 仓库 spring-cloud-alibaba: 解析出 139 个代码块 (耗时 0.1s)
2025-06-15 09:48:27,084 - INFO - 仓库 spring-cloud-alibaba: 原始文档数 - 基础版:279, 增强版:372, 压缩版:139
2025-06-15 09:48:27,084 - INFO - spring-cloud-alibaba_basic: 长度过滤 279 -> 279 个文档
2025-06-15 09:48:27,088 - INFO - spring-cloud-alibaba_enhanced: 长度过滤 372 -> 372 个文档
2025-06-15 09:48:27,092 - INFO - spring-cloud-alibaba_compressed: 长度过滤 139 -> 139 个文档
2025-06-15 09:48:27,094 - INFO - Load pretrained SentenceTransformer: sentence-transformers/all-MiniLM-L6-v2
2025-06-15 09:48:27,136 - INFO - spring-cloud-alibaba_basic: 开始批量索引 279 个文档，批大小: 100
2025-06-15 09:48:27,137 - INFO - spring-cloud-alibaba_basic: 处理批次 1/3 (100 个文档)
2025-06-15 09:48:27,137 - INFO - Anonymized telemetry enabled. See                     https://docs.trychroma.com/telemetry for more information.
2025-06-15 09:48:30,136 - INFO - spring-cloud-alibaba_basic: 处理批次 2/3 (100 个文档)
2025-06-15 09:48:33,057 - INFO - spring-cloud-alibaba_basic: 处理批次 3/3 (79 个文档)
2025-06-15 09:48:35,300 - INFO - 仓库 spring-cloud-alibaba basic版本: 已索引 279 个文档 (耗时 8.2s)
2025-06-15 09:48:35,302 - INFO - Load pretrained SentenceTransformer: sentence-transformers/all-MiniLM-L6-v2
2025-06-15 09:48:35,353 - INFO - spring-cloud-alibaba_enhanced: 开始批量索引 372 个文档，批大小: 100
2025-06-15 09:48:35,354 - INFO - spring-cloud-alibaba_enhanced: 处理批次 1/4 (100 个文档)
2025-06-15 09:48:35,354 - INFO - Anonymized telemetry enabled. See                     https://docs.trychroma.com/telemetry for more information.
2025-06-15 09:48:38,355 - INFO - spring-cloud-alibaba_enhanced: 处理批次 2/4 (100 个文档)
2025-06-15 09:48:42,291 - INFO - spring-cloud-alibaba_enhanced: 处理批次 3/4 (100 个文档)
2025-06-15 09:48:45,231 - INFO - spring-cloud-alibaba_enhanced: 处理批次 4/4 (72 个文档)
2025-06-15 09:48:47,264 - INFO - 仓库 spring-cloud-alibaba enhanced版本: 已索引 372 个文档 (耗时 11.9s)
2025-06-15 09:48:47,265 - INFO - Load pretrained SentenceTransformer: sentence-transformers/all-MiniLM-L6-v2
2025-06-15 09:48:47,319 - INFO - spring-cloud-alibaba_compressed: 开始批量索引 139 个文档，批大小: 100
2025-06-15 09:48:47,319 - INFO - spring-cloud-alibaba_compressed: 处理批次 1/2 (100 个文档)
2025-06-15 09:48:47,319 - INFO - Anonymized telemetry enabled. See                     https://docs.trychroma.com/telemetry for more information.
2025-06-15 09:48:49,919 - INFO - spring-cloud-alibaba_compressed: 处理批次 2/2 (39 个文档)
2025-06-15 09:48:50,945 - INFO - 仓库 spring-cloud-alibaba compressed版本: 已索引 139 个文档 (耗时 3.6s)
2025-06-15 09:48:50,946 - INFO - ✅ 仓库 spring-cloud-alibaba 处理完成 (总耗时 23.9s)
2025-06-15 09:48:50,946 - INFO - 平均处理时间: 24.1s/仓库, 预计剩余时间: 5.2分钟
2025-06-15 09:48:50,946 - INFO - 进度: 3/15 - 处理仓库 apktool
2025-06-15 09:48:50,946 - INFO - 开始处理仓库: apktool (1.6MB)
2025-06-15 09:48:51,133 - INFO - 仓库 apktool: 解析出 208 个代码块 (耗时 0.2s)
2025-06-15 09:48:51,321 - INFO - 仓库 apktool: 原始文档数 - 基础版:533, 增强版:775, 压缩版:208
2025-06-15 09:48:51,321 - INFO - apktool_basic: 长度过滤 533 -> 524 个文档
2025-06-15 09:48:51,327 - INFO - apktool_enhanced: 长度过滤 775 -> 767 个文档
2025-06-15 09:48:51,337 - INFO - apktool_compressed: 长度过滤 208 -> 208 个文档
2025-06-15 09:48:51,339 - INFO - Load pretrained SentenceTransformer: sentence-transformers/all-MiniLM-L6-v2
2025-06-15 09:48:51,389 - INFO - apktool_basic: 开始批量索引 524 个文档，批大小: 100
2025-06-15 09:48:51,389 - INFO - apktool_basic: 处理批次 1/6 (100 个文档)
2025-06-15 09:48:51,390 - INFO - Anonymized telemetry enabled. See                     https://docs.trychroma.com/telemetry for more information.
2025-06-15 09:48:54,138 - INFO - apktool_basic: 处理批次 2/6 (100 个文档)
2025-06-15 09:48:56,755 - INFO - apktool_basic: 处理批次 3/6 (100 个文档)
2025-06-15 09:48:59,356 - INFO - apktool_basic: 处理批次 4/6 (100 个文档)
2025-06-15 09:49:02,063 - INFO - apktool_basic: 处理批次 5/6 (100 个文档)
2025-06-15 09:49:03,853 - INFO - apktool_basic: 处理批次 6/6 (24 个文档)
2025-06-15 09:49:04,472 - INFO - 仓库 apktool basic版本: 已索引 524 个文档 (耗时 13.1s)
2025-06-15 09:49:04,473 - INFO - Load pretrained SentenceTransformer: sentence-transformers/all-MiniLM-L6-v2
2025-06-15 09:49:04,524 - INFO - apktool_enhanced: 开始批量索引 767 个文档，批大小: 100
2025-06-15 09:49:04,524 - INFO - apktool_enhanced: 处理批次 1/8 (100 个文档)
2025-06-15 09:49:04,524 - INFO - Anonymized telemetry enabled. See                     https://docs.trychroma.com/telemetry for more information.
2025-06-15 09:49:07,364 - INFO - apktool_enhanced: 处理批次 2/8 (100 个文档)
2025-06-15 09:49:10,181 - INFO - apktool_enhanced: 处理批次 3/8 (100 个文档)
2025-06-15 09:49:13,151 - INFO - apktool_enhanced: 处理批次 4/8 (100 个文档)
2025-06-15 09:49:17,010 - INFO - apktool_enhanced: 处理批次 5/8 (100 个文档)
2025-06-15 09:49:19,869 - INFO - apktool_enhanced: 处理批次 6/8 (100 个文档)
2025-06-15 09:49:22,666 - INFO - apktool_enhanced: 处理批次 7/8 (100 个文档)
2025-06-15 09:49:24,790 - INFO - apktool_enhanced: 处理批次 8/8 (67 个文档)
2025-06-15 09:49:26,783 - INFO - 仓库 apktool enhanced版本: 已索引 767 个文档 (耗时 22.3s)
2025-06-15 09:49:26,785 - INFO - Load pretrained SentenceTransformer: sentence-transformers/all-MiniLM-L6-v2
2025-06-15 09:49:26,834 - INFO - apktool_compressed: 开始批量索引 208 个文档，批大小: 100
2025-06-15 09:49:26,834 - INFO - apktool_compressed: 处理批次 1/3 (100 个文档)
2025-06-15 09:49:26,835 - INFO - Anonymized telemetry enabled. See                     https://docs.trychroma.com/telemetry for more information.
2025-06-15 09:49:29,430 - INFO - apktool_compressed: 处理批次 2/3 (100 个文档)
2025-06-15 09:49:31,430 - INFO - apktool_compressed: 处理批次 3/3 (8 个文档)
2025-06-15 09:49:31,627 - INFO - 仓库 apktool compressed版本: 已索引 208 个文档 (耗时 4.8s)
2025-06-15 09:49:31,628 - INFO - ✅ 仓库 apktool 处理完成 (总耗时 40.5s)
2025-06-15 09:49:31,628 - INFO - 平均处理时间: 29.7s/仓库, 预计剩余时间: 5.9分钟
2025-06-15 09:49:31,628 - INFO - 进度: 4/15 - 处理仓库 compose
2025-06-15 09:49:31,628 - INFO - 开始处理仓库: compose (2.1MB)
2025-06-15 09:49:31,929 - INFO - 仓库 compose: 解析出 295 个代码块 (耗时 0.3s)
2025-06-15 09:49:31,961 - INFO - 仓库 compose: 原始文档数 - 基础版:910, 增强版:1161, 压缩版:295
2025-06-15 09:49:31,962 - INFO - compose_basic: 长度过滤 910 -> 904 个文档
2025-06-15 09:49:31,969 - INFO - compose_enhanced: 长度过滤 1161 -> 1161 个文档
2025-06-15 09:49:31,978 - INFO - compose_compressed: 长度过滤 295 -> 295 个文档
2025-06-15 09:49:31,982 - INFO - Load pretrained SentenceTransformer: sentence-transformers/all-MiniLM-L6-v2
2025-06-15 09:49:32,027 - INFO - compose_basic: 开始批量索引 904 个文档，批大小: 100
2025-06-15 09:49:32,028 - INFO - compose_basic: 处理批次 1/10 (100 个文档)
2025-06-15 09:49:32,028 - INFO - Anonymized telemetry enabled. See                     https://docs.trychroma.com/telemetry for more information.
2025-06-15 09:49:34,969 - INFO - compose_basic: 处理批次 2/10 (100 个文档)
2025-06-15 09:49:37,752 - INFO - compose_basic: 处理批次 3/10 (100 个文档)
2025-06-15 09:49:40,459 - INFO - compose_basic: 处理批次 4/10 (100 个文档)
2025-06-15 09:49:43,671 - INFO - compose_basic: 处理批次 5/10 (100 个文档)
2025-06-15 09:49:46,698 - INFO - compose_basic: 处理批次 6/10 (100 个文档)
2025-06-15 09:49:50,552 - INFO - compose_basic: 处理批次 7/10 (100 个文档)
2025-06-15 09:49:53,239 - INFO - compose_basic: 处理批次 8/10 (100 个文档)
2025-06-15 09:49:55,508 - INFO - compose_basic: 处理批次 9/10 (100 个文档)
2025-06-15 09:49:56,925 - INFO - compose_basic: 处理批次 10/10 (4 个文档)
2025-06-15 09:49:57,028 - INFO - 仓库 compose basic版本: 已索引 904 个文档 (耗时 25.0s)
2025-06-15 09:49:57,030 - INFO - Load pretrained SentenceTransformer: sentence-transformers/all-MiniLM-L6-v2
2025-06-15 09:49:57,079 - INFO - compose_enhanced: 开始批量索引 1161 个文档，批大小: 100
2025-06-15 09:49:57,079 - INFO - compose_enhanced: 处理批次 1/12 (100 个文档)
2025-06-15 09:49:57,079 - INFO - Anonymized telemetry enabled. See                     https://docs.trychroma.com/telemetry for more information.
2025-06-15 09:50:00,223 - INFO - compose_enhanced: 处理批次 2/12 (100 个文档)
2025-06-15 09:50:03,058 - INFO - compose_enhanced: 处理批次 3/12 (100 个文档)
2025-06-15 09:50:05,784 - INFO - compose_enhanced: 处理批次 4/12 (100 个文档)
2025-06-15 09:50:08,788 - INFO - compose_enhanced: 处理批次 5/12 (100 个文档)
2025-06-15 09:50:11,594 - INFO - compose_enhanced: 处理批次 6/12 (100 个文档)
2025-06-15 09:50:14,540 - INFO - compose_enhanced: 处理批次 7/12 (100 个文档)
2025-06-15 09:50:17,484 - INFO - compose_enhanced: 处理批次 8/12 (100 个文档)
2025-06-15 09:50:20,484 - INFO - compose_enhanced: 处理批次 9/12 (100 个文档)
2025-06-15 09:50:24,411 - INFO - compose_enhanced: 处理批次 10/12 (100 个文档)
2025-06-15 09:50:27,320 - INFO - compose_enhanced: 处理批次 11/12 (100 个文档)
2025-06-15 09:50:30,137 - INFO - compose_enhanced: 处理批次 12/12 (61 个文档)
2025-06-15 09:50:31,808 - INFO - 仓库 compose enhanced版本: 已索引 1161 个文档 (耗时 34.7s)
2025-06-15 09:50:31,809 - INFO - Load pretrained SentenceTransformer: sentence-transformers/all-MiniLM-L6-v2
2025-06-15 09:50:31,856 - INFO - compose_compressed: 开始批量索引 295 个文档，批大小: 100
2025-06-15 09:50:31,856 - INFO - compose_compressed: 处理批次 1/3 (100 个文档)
2025-06-15 09:50:31,857 - INFO - Anonymized telemetry enabled. See                     https://docs.trychroma.com/telemetry for more information.
2025-06-15 09:50:34,602 - INFO - compose_compressed: 处理批次 2/3 (100 个文档)
